[13:23:06.790] monitor-start offset=1454757544
[13:23:19.264 match] 2026/04/27 13:23:18 watcher[ghostty-35640]: pipe.Tail error (1/3): server: BUSY|renderer_locked
[13:23:20.133 match] 2026/04/27 13:23:19 watcher[ghostty-35640]: recovered from pipe.Tail error
[13:23:29.573] tick counter=30 status=active
[13:23:52.403] tick counter=60 status=active
[13:24:12.364 match] 2026/04/27 13:24:11 watcher[ghostty-35640]: pipe.Tail error (1/3): server: BUSY|renderer_locked
[13:24:12.364 match] 2026/04/27 13:24:12 watcher[ghostty-35640]: recovered from pipe.Tail error
[13:24:13.214 match] 2026/04/27 13:24:12 watcher[ghostty-35640]: recovered from pipe.Tail error
[13:24:15.506] tick counter=90 status=active
[13:24:17.028 match] 2026/04/27 13:24:16 watcher[ghostty-35640]: pipe.Tail error (1/3): server: BUSY|renderer_locked
[13:24:17.028 match] 2026/04/27 13:24:16 watcher[ghostty-35640]: recovered from pipe.Tail error
[13:24:35.886 match] 2026/04/27 13:24:35 watcher[ghostty-35640]: pipe.Tail error (1/3): server: BUSY|renderer_locked
[13:24:35.886 match] 2026/04/27 13:24:35 watcher[ghostty-35640]: recovered from pipe.Tail error
[13:24:38.196] tick counter=120 status=active
[13:24:41.986 match] 2026/04/27 13:24:41 watcher[ghostty-35640]: pipe.Tail error (1/3): server: BUSY|renderer_locked
[13:24:42.791 match] 2026/04/27 13:24:42 watcher[ghostty-35640]: recovered from pipe.Tail error
[13:24:48.921 match] 2026/04/27 13:24:48 watcher[ghostty-35640]: pipe.Tail error (1/3): server: BUSY|renderer_locked
[13:24:48.921 match] 2026/04/27 13:24:48 watcher[ghostty-35640]: recovered from pipe.Tail error
[13:25:01.230] tick counter=150 status=active
[13:25:07.368 match] 2026/04/27 13:25:07 watcher[ghostty-35640]: pipe.Tail error (1/3): server: BUSY|renderer_locked
[13:25:08.203 match] 2026/04/27 13:25:07 watcher[ghostty-35640]: pipe.Tail error (1/3): server: BUSY|renderer_locked
[13:25:08.203 match] 2026/04/27 13:25:07 watcher[ghostty-35640]: recovered from pipe.Tail error
[13:25:17.344 match] 2026/04/27 13:25:17 watcher[ghostty-35640]: pipe.Tail error (1/3): server: BUSY|renderer_locked
[13:25:18.131 match] 2026/04/27 13:25:17 watcher[ghostty-35640]: pipe.Tail error (1/3): server: BUSY|renderer_locked
[13:25:18.131 match] 2026/04/27 13:25:17 watcher[ghostty-35640]: recovered from pipe.Tail error
[13:25:21.942 match] 2026/04/27 13:25:21 watcher[ghostty-35640]: pipe.Tail error (1/3): server: BUSY|renderer_locked
[13:25:21.942 match] 2026/04/27 13:25:21 watcher[ghostty-35640]: recovered from pipe.Tail error
[13:25:24.294] tick counter=180 status=active
[13:25:45.416 match] 2026/04/27 13:25:45 watcher[ghostty-35640]: pipe.Tail error (1/3): server: BUSY|renderer_locked
[13:25:46.311 match] 2026/04/27 13:25:45 watcher[ghostty-35640]: recovered from pipe.Tail error
[13:25:47.898] tick counter=210 status=active
[13:26:04.877 match] 2026/04/27 13:26:04 watcher[ghostty-35640]: pipe.Tail error (1/3): server: BUSY|renderer_locked
[13:26:05.732 match] 2026/04/27 13:26:04 watcher[ghostty-35640]: pipe.Tail error (1/3): server: BUSY|renderer_locked
[13:26:05.732 match] 2026/04/27 13:26:05 watcher[ghostty-35640]: recovered from pipe.Tail error
[13:26:08.847 match] 2026/04/27 13:26:08 watcher[ghostty-35640]: pipe.Tail error (1/3): server: BUSY|renderer_locked
[13:26:09.694 match] 2026/04/27 13:26:08 watcher[ghostty-35640]: pipe.Tail error (1/3): server: BUSY|renderer_locked
[13:26:09.694 match] 2026/04/27 13:26:09 watcher[ghostty-35640]: recovered from pipe.Tail error
[13:26:12.097] tick counter=240 status=active
[13:26:34.975] tick counter=270 status=active
[13:26:45.008 match] 2026/04/27 13:26:44 watcher[ghostty-35640]: pipe.Tail error (1/3): server: BUSY|renderer_locked
[13:26:45.008 match] 2026/04/27 13:26:44 watcher[ghostty-35640]: recovered from pipe.Tail error
[13:26:57.977] tick counter=300 status=active
[13:27:24.085] tick counter=330 status=active
[13:28:03.232 match] 2026/04/27 13:28:02 watcher[ghostty-35640]: pipe.Tail error (1/3): server: BUSY|renderer_locked
[13:28:03.232 match] 2026/04/27 13:28:02 watcher[ghostty-35640]: recovered from pipe.Tail error
[13:28:18.910] tick counter=360 status=active
[13:28:37.306 match] 2026/04/27 13:28:36 watcher[ghostty-35640]: pipe.Tail error (1/3): server: BUSY|renderer_locked
[13:28:38.775 match] 2026/04/27 13:28:37 watcher[ghostty-35640]: recovered from pipe.Tail error
[13:28:55.182] tick counter=390 status=active
[13:29:11.899 match] 2026/04/27 13:29:11 watcher[ghostty-35640]: pipe.Tail error (1/3): server: BUSY|renderer_locked
[13:29:12.719 match] 2026/04/27 13:29:12 watcher[ghostty-35640]: recovered from pipe.Tail error
[13:29:17.978] tick counter=420 status=active
[13:29:40.758] tick counter=450 status=active
[13:29:48.690 match] 2026/04/27 13:29:47 watcher[ghostty-35640]: pipe.Tail error (1/3): server: BUSY|renderer_locked
[13:29:48.690 match] 2026/04/27 13:29:48 watcher[ghostty-35640]: recovered from pipe.Tail error
[13:30:03.784] tick counter=480 status=active
[13:30:17.417 match] 2026/04/27 13:30:16 watcher[ghostty-35640]: pipe.Tail error (1/3): server: BUSY|renderer_locked
[13:30:17.417 match] 2026/04/27 13:30:17 watcher[ghostty-35640]: recovered from pipe.Tail error
[13:30:26.504] tick counter=510 status=active
[13:30:29.611 match] 2026/04/27 13:30:28 watcher[ghostty-35640]: pipe.Tail error (1/3): server: BUSY|renderer_locked
[13:30:29.611 match] 2026/04/27 13:30:29 watcher[ghostty-35640]: recovered from pipe.Tail error
[13:30:50.039] tick counter=540 status=idle
[13:31:13.276] tick counter=570 status=idle
[13:31:36.242] tick counter=600 status=idle
[13:31:59.283] tick counter=630 status=idle
[13:32:21.995] tick counter=660 status=idle
[13:32:45.046] tick counter=690 status=idle
[13:33:07.973] tick counter=720 status=idle
[13:33:28.033 match] 2026/04/27 13:33:27 watcher[ghostty-35640]: pipe.Tail error (1/3): server: BUSY|renderer_locked
[13:33:28.835 match] 2026/04/27 13:33:28 watcher[ghostty-35640]: recovered from pipe.Tail error
[13:33:31.166] tick counter=750 status=idle
[13:33:54.017] tick counter=780 status=idle
[13:34:16.983] tick counter=810 status=idle
[13:34:39.963] tick counter=840 status=idle
[13:34:41.525 match] 2026/04/27 13:34:41 watcher[ghostty-35640]: pipe.Tail error (1/3): dial \\.\pipe\ghostty-winui3-ghostty-35640-35640: open \\.\pipe\ghostty-winui3-ghostty-35640-35640: The system cannot find the file specified.
[13:34:42.390 match] 2026/04/27 13:34:41 watcher[ghostty-35640]: pipe.Tail error (2/3): dial \\.\pipe\ghostty-winui3-ghostty-35640-35640: open \\.\pipe\ghostty-winui3-ghostty-35640-35640: The system cannot find the file specified.
[13:34:42.390 match] 2026/04/27 13:34:42 watcher[ghostty-35640]: pipe.Tail error (3/3): dial \\.\pipe\ghostty-winui3-ghostty-35640-35640: open \\.\pipe\ghostty-winui3-ghostty-35640-35640: The system cannot find the file specified.
[13:34:42.390 match] 2026/04/27 13:34:42 watcher[ghostty-35640]: marked dead after 3 consecutive failures. last error: dial \\.\pipe\ghostty-winui3-ghostty-35640-35640: open \\.\pipe\ghostty-winui3-ghostty-35640-35640: The system cannot find the file specified.
[13:34:42.390 match] 2026/04/27 13:34:42 watcher: session "ghostty-35640" dead at 13:34:42, error: dial \\.\pipe\ghostty-winui3-ghostty-35640-35640: open \\.\pipe\ghostty-winui3-ghostty-35640-35640: The system cannot find the file specified., stopping goroutine
[13:34:42.390 match] 2026/04/27 13:34:42 profile[ghostty-35640]: uptime=12m55s send=0 show=535 poll_ok=1515 poll_fail=23 lastPollOK=13:34:40, dead=13:34:42 err="dial \\\\.\\pipe\\ghostty-winui3-ghostty-35640-35640: open \\\\.\\pipe\\ghostty-winui3-ghostty-35640-35640: The system cannot find the file specified."
[13:34:43.127] dead detected status=dead
[13:34:43.216] daemon slice captured (1723 bytes)
[13:34:43.236] monitor-exit counter=844
